<?xml version="1.0" encoding="UTF-8"?>
<Site BuildName="Darwin-aarch64-apple-darwin22-g++-13"
	BuildStamp="20240129-1444-Experimental"
	Name="Daniels-MacBook-Pro-2.local"
	Generator="ctest-3.26.4"
	CompilerName="/opt/homebrew/bin/aarch64-apple-darwin22-g++-13"
	CompilerVersion="13.2.0"
	OSName="macOS"
	Hostname="Daniels-MacBook-Pro-2.local"
	OSRelease="14.0"
	OSVersion="23A344"
	OSPlatform="arm64"
	Is64Bits="1"
	VendorString="IBM"
	VendorID="IBM"
	FamilyID="16777228"
	ModelID="2"
	ProcessorCacheSize="131072"
	NumberOfLogicalCPU="8"
	NumberOfPhysicalCPU="8"
	TotalVirtualMemory="0"
	TotalPhysicalMemory="16384"
	LogicalProcessorsPerPhysical="8"
	ProcessorClockFrequency="0"
	>
	<Testing>
		<StartDateTime>Jan 29 21:44 +07</StartDateTime>
		<StartTestTime>1706539486</StartTestTime>
		<TestList/>
		<EndDateTime>Jan 29 21:44 +07</EndDateTime>
		<EndTestTime>1706539486</EndTestTime>
		<ElapsedMinutes>0</ElapsedMinutes>
	</Testing>
</Site>
